<?xml version="1.0" encoding="UTF-8"?>
<testsuite name="MoodAnalyzerTest" tests="1" skipped="0" failures="0" errors="0" timestamp="2019-11-26T07:49:14" hostname="admin1-desktop" time="0.002">
  <properties/>
  <testcase name="givenMoodAnalyzer_whenProper_shouldReturnObject" classname="MoodAnalyzerTest" time="0.002"/>
  <system-out><![CDATA[]]></system-out>
  <system-err><![CDATA[]]></system-err>
</testsuite>
