<?xml version="1.0" encoding="UTF-8"?>
<testsuite name="MoodAnalyzerTest" tests="3" skipped="0" failures="0" errors="0" timestamp="2019-11-26T05:58:05" hostname="admin1-desktop" time="0.002">
  <properties/>
  <testcase name="givenMessage_whenAnyMood_shouldReturnHappy" classname="MoodAnalyzerTest" time="0.001"/>
  <testcase name="givenMessage_whenNullMood_shouldReturnHappy" classname="MoodAnalyzerTest" time="0.0"/>
  <testcase name="givenMessage_whenSad_shouldReturnSad" classname="MoodAnalyzerTest" time="0.0"/>
  <system-out><![CDATA[]]></system-out>
  <system-err><![CDATA[]]></system-err>
</testsuite>
