<?xml version="1.0" encoding="UTF-8"?>
<testsuite name="MoodAnalyzerTest" tests="1" skipped="0" failures="0" errors="0" timestamp="2019-11-26T05:34:11" hostname="admin1-desktop" time="0.001">
  <properties/>
  <testcase name="givenMessage_whenAnyMood_shouldReturnHappy" classname="MoodAnalyzerTest" time="0.001"/>
  <system-out><![CDATA[]]></system-out>
  <system-err><![CDATA[]]></system-err>
</testsuite>
